<?xml version="1.0" encoding="UTF-8"?>
<!-- Generated by org.testng.reporters.JUnitReportReporter -->
<testsuite hostname="DESKTOP-M91D5GE" failures="0" tests="1" name="runnerPack.TestSuiteRunner" time="8.645" errors="0" timestamp="24 May 2020 08:41:55 GMT" skipped="0">
  <testcase classname="runnerPack.TestSuiteRunner" name="runScenario" time="8.645"/>
</testsuite> <!-- runnerPack.TestSuiteRunner -->
