<?xml version="1.0" encoding="UTF-8"?>
<!-- Generated by org.testng.reporters.JUnitReportReporter -->
<testsuite hostname="DESKTOP-M91D5GE" failures="0" tests="1" name="testNGtestcasespack.TNGtestcases" time="0.008" errors="0" timestamp="19 May 2020 16:20:35 GMT" skipped="0">
  <testcase classname="testNGtestcasespack.TNGtestcases" name="testngmethod1" time="0.008"/>
</testsuite> <!-- testNGtestcasespack.TNGtestcases -->
